<?xml version="1.0" encoding="UTF-8"?>
<testng-results skipped="0" failed="0" ignored="0" total="1" passed="1">
  <reporter-output>
  </reporter-output>
  <suite name="Surefire suite" duration-ms="4947" started-at="2018-12-15T21:07:42Z" finished-at="2018-12-15T21:07:46Z">
    <groups>
    </groups>
    <test name="Surefire test" duration-ms="4947" started-at="2018-12-15T21:07:42Z" finished-at="2018-12-15T21:07:46Z">
      <class name="TestRun">
        <test-method status="PASS" signature="testRun()[pri:0, instance:TestRun@5bbf744b]" name="testRun" duration-ms="4665" started-at="2018-12-15T16:07:42Z" finished-at="2018-12-15T16:07:46Z">
          <reporter-output>
          </reporter-output>
        </test-method> <!-- testRun -->
      </class> <!-- TestRun -->
    </test> <!-- Surefire test -->
  </suite> <!-- Surefire suite -->
</testng-results>
